{"/home/david/Documentos/www/aws-sam-basic-api/sam-typescrip-api/src/product/app.ts": {"path":"/home/david/Documentos/www/aws-sam-basic-api/sam-typescrip-api/src/product/app.ts","statementMap":{"0":{"start":{"line":16,"column":13},"end":{"line":16,"column":27}},"1":{"start":{"line":2,"column":31},"end":{"line":2,"column":null}},"2":{"start":{"line":3,"column":25},"end":{"line":3,"column":null}},"3":{"start":{"line":16,"column":27},"end":{"line":49,"column":null}},"4":{"start":{"line":19,"column":26},"end":{"line":19,"column":null}},"5":{"start":{"line":21,"column":4},"end":{"line":21,"column":null}},"6":{"start":{"line":23,"column":21},"end":{"line":23,"column":null}},"7":{"start":{"line":25,"column":36},"end":{"line":25,"column":38}},"8":{"start":{"line":27,"column":4},"end":{"line":27,"column":null}},"9":{"start":{"line":29,"column":4},"end":{"line":29,"column":null}},"10":{"start":{"line":29,"column":32},"end":{"line":29,"column":null}},"11":{"start":{"line":31,"column":4},"end":{"line":46,"column":null}},"12":{"start":{"line":32,"column":8},"end":{"line":37,"column":null}},"13":{"start":{"line":39,"column":8},"end":{"line":39,"column":null}},"14":{"start":{"line":40,"column":8},"end":{"line":45,"column":null}},"15":{"start":{"line":48,"column":4},"end":{"line":48,"column":null}}},"fnMap":{"0":{"name":"(anonymous_0)","decl":{"start":{"line":16,"column":13},"end":{"line":16,"column":27}},"loc":{"start":{"line":16,"column":13},"end":{"line":16,"column":27}}},"1":{"name":"(anonymous_2)","decl":{"start":{"line":16,"column":27},"end":{"line":16,"column":34}},"loc":{"start":{"line":16,"column":98},"end":{"line":49,"column":null}}},"2":{"name":"(anonymous_3)","decl":{"start":{"line":29,"column":21},"end":{"line":29,"column":32}},"loc":{"start":{"line":29,"column":32},"end":{"line":29,"column":null}}}},"branchMap":{"0":{"loc":{"start":{"line":43,"column":25},"end":{"line":43,"column":83}},"type":"cond-expr","locations":[{"start":{"line":43,"column":48},"end":{"line":43,"column":59}},{"start":{"line":43,"column":62},"end":{"line":43,"column":83}}]}},"s":{"0":1,"1":1,"2":1,"3":1,"4":1,"5":1,"6":1,"7":1,"8":1,"9":1,"10":3,"11":1,"12":1,"13":0,"14":0,"15":1},"f":{"0":1,"1":1,"2":3},"b":{"0":[0,0]}}
,"/home/david/Documentos/www/aws-sam-basic-api/sam-typescrip-api/src/product/db/index.ts": {"path":"/home/david/Documentos/www/aws-sam-basic-api/sam-typescrip-api/src/product/db/index.ts","statementMap":{"0":{"start":{"line":16,"column":16},"end":{"line":16,"column":31}},"1":{"start":{"line":1,"column":20},"end":{"line":1,"column":null}},"2":{"start":{"line":2,"column":44},"end":{"line":2,"column":null}},"3":{"start":{"line":4,"column":43},"end":{"line":12,"column":null}},"4":{"start":{"line":19,"column":4},"end":{"line":22,"column":null}},"5":{"start":{"line":24,"column":4},"end":{"line":28,"column":null}},"6":{"start":{"line":26,"column":12},"end":{"line":26,"column":null}}},"fnMap":{"0":{"name":"(anonymous_0)","decl":{"start":{"line":16,"column":16},"end":{"line":16,"column":31}},"loc":{"start":{"line":16,"column":16},"end":{"line":16,"column":31}}},"1":{"name":"(anonymous_5)","decl":{"start":{"line":25,"column":8},"end":{"line":25,"column":12}},"loc":{"start":{"line":25,"column":24},"end":{"line":27,"column":null}}}},"branchMap":{"0":{"loc":{"start":{"line":16,"column":31},"end":{"line":16,"column":61}},"type":"default-arg","locations":[{"start":{"line":16,"column":59},"end":{"line":16,"column":61}}]}},"s":{"0":1,"1":1,"2":1,"3":1,"4":1,"5":1,"6":1},"f":{"0":2,"1":1},"b":{"0":[0]}}
,"/home/david/Documentos/www/aws-sam-basic-api/sam-typescrip-api/src/product/db/models/product.ts": {"path":"/home/david/Documentos/www/aws-sam-basic-api/sam-typescrip-api/src/product/db/models/product.ts","statementMap":{"0":{"start":{"line":9,"column":21},"end":{"line":9,"column":42}},"1":{"start":{"line":6,"column":17},"end":{"line":6,"column":null}},"2":{"start":{"line":9,"column":15},"end":{"line":20,"column":null}}},"fnMap":{"0":{"name":"(anonymous_0)","decl":{"start":{"line":9,"column":21},"end":{"line":9,"column":42}},"loc":{"start":{"line":9,"column":21},"end":{"line":9,"column":42}}}},"branchMap":{},"s":{"0":3,"1":1,"2":1},"f":{"0":2},"b":{}}
}
