TN:
SF:product/app.ts
FN:16,(anonymous_0)
FN:16,(anonymous_2)
FN:29,(anonymous_3)
FNF:3
FNH:3
FNDA:1,(anonymous_0)
FNDA:1,(anonymous_2)
FNDA:3,(anonymous_3)
DA:2,1
DA:3,1
DA:16,1
DA:19,1
DA:21,1
DA:23,1
DA:25,1
DA:27,1
DA:29,3
DA:31,1
DA:32,1
DA:39,0
DA:40,0
DA:48,1
LF:14
LH:12
BRDA:43,0,0,0
BRDA:43,0,1,0
BRF:2
BRH:0
end_of_record
TN:
SF:product/db/index.ts
FN:16,(anonymous_0)
FN:25,(anonymous_5)
FNF:2
FNH:2
FNDA:2,(anonymous_0)
FNDA:1,(anonymous_5)
DA:1,1
DA:2,1
DA:4,1
DA:16,1
DA:19,1
DA:24,1
DA:26,1
LF:7
LH:7
BRDA:16,0,0,0
BRF:1
BRH:0
end_of_record
TN:
SF:product/db/models/product.ts
FN:9,(anonymous_0)
FNF:1
FNH:1
FNDA:2,(anonymous_0)
DA:6,1
DA:9,3
LF:2
LH:2
BRF:0
BRH:0
end_of_record
